<?xml version="1.0" encoding="UTF-8" ?>
<testsuite tests="8" failures="0" name="grille.GrilleTest" time="0.127" errors="0" skipped="0">
  <properties>
[...]
</properties>
  <testcase classname="grille.GrilleTest" name="testPossibleLeveesDExceptions" time="0.005"/>
  <testcase classname="grille.GrilleTest" name="testGetValue" time="0"/>
  <testcase classname="grille.GrilleTest" name="testGetDimension" time="0"/>
  <testcase classname="grille.GrilleTest" name="testGetValueLeveesDExceptions" time="0"/>
  <testcase classname="grille.GrilleTest" name="testComplete" time="0"/>
  <testcase classname="grille.GrilleTest" name="testSetValueLeveesDExceptions" time="0"/>
  <testcase classname="grille.GrilleTest" name="testPossible" time="0"/>
  <testcase classname="grille.GrilleTest" name="testSetValue" time="0"/>
</testsuite>